<?xml version="1.0" encoding="UTF-8"?>
<testng-results ignored="0" total="2" passed="2" failed="0" skipped="0">
  <reporter-output>
  </reporter-output>
  <suite started-at="2024-09-23T16:11:30 IST" name="Suite" finished-at="2024-09-23T16:11:47 IST" duration-ms="17430">
    <groups>
    </groups>
    <test started-at="2024-09-23T16:11:30 IST" name="Test" finished-at="2024-09-23T16:11:47 IST" duration-ms="17430">
      <class name="TestCase.Login">
        <test-method is-config="true" signature="setUp()[pri:0, instance:TestCase.Login@3ee37e5a]" started-at="2024-09-23T16:11:30 IST" name="setUp" finished-at="2024-09-23T16:11:35 IST" duration-ms="5681" status="PASS">
          <reporter-output>
          </reporter-output>
        </test-method> <!-- setUp -->
        <test-method signature="testcase_001()[pri:0, instance:TestCase.Login@3ee37e5a]" started-at="2024-09-23T16:11:35 IST" name="testcase_001" finished-at="2024-09-23T16:11:38 IST" duration-ms="2701" status="PASS">
          <reporter-output>
          </reporter-output>
        </test-method> <!-- testcase_001 -->
        <test-method is-config="true" signature="tearDown()[pri:0, instance:TestCase.Login@3ee37e5a]" started-at="2024-09-23T16:11:38 IST" name="tearDown" finished-at="2024-09-23T16:11:40 IST" duration-ms="1973" status="PASS">
          <reporter-output>
          </reporter-output>
        </test-method> <!-- tearDown -->
        <test-method is-config="true" signature="setUp()[pri:0, instance:TestCase.Login@3ee37e5a]" started-at="2024-09-23T16:11:40 IST" name="setUp" finished-at="2024-09-23T16:11:44 IST" duration-ms="3684" status="PASS">
          <reporter-output>
          </reporter-output>
        </test-method> <!-- setUp -->
        <test-method signature="testcase_002()[pri:0, instance:TestCase.Login@3ee37e5a]" started-at="2024-09-23T16:11:44 IST" name="testcase_002" finished-at="2024-09-23T16:11:46 IST" duration-ms="2525" status="PASS">
          <reporter-output>
          </reporter-output>
        </test-method> <!-- testcase_002 -->
        <test-method is-config="true" signature="tearDown()[pri:0, instance:TestCase.Login@3ee37e5a]" started-at="2024-09-23T16:11:46 IST" name="tearDown" finished-at="2024-09-23T16:11:47 IST" duration-ms="804" status="PASS">
          <reporter-output>
          </reporter-output>
        </test-method> <!-- tearDown -->
      </class> <!-- TestCase.Login -->
    </test> <!-- Test -->
  </suite> <!-- Suite -->
</testng-results>
