<?xml version="1.0" encoding="UTF-8"?>
<testng-results ignored="0" total="2" passed="2" failed="0" skipped="0">
  <reporter-output>
  </reporter-output>
  <suite started-at="2024-09-18T18:19:28 IST" name="Default suite" finished-at="2024-09-18T18:19:47 IST" duration-ms="19184">
    <groups>
    </groups>
    <test started-at="2024-09-18T18:19:28 IST" name="Default test" finished-at="2024-09-18T18:19:47 IST" duration-ms="19184">
      <class name="TestCase.Login">
        <test-method is-config="true" signature="setUp()[pri:0, instance:TestCase.Login@202b0582]" started-at="2024-09-18T18:19:28 IST" name="setUp" finished-at="2024-09-18T18:19:36 IST" duration-ms="8196" status="PASS">
          <reporter-output>
          </reporter-output>
        </test-method> <!-- setUp -->
        <test-method signature="testcase_001()[pri:0, instance:TestCase.Login@202b0582]" started-at="2024-09-18T18:19:36 IST" name="testcase_001" finished-at="2024-09-18T18:19:40 IST" duration-ms="3410" status="PASS">
          <reporter-output>
          </reporter-output>
        </test-method> <!-- testcase_001 -->
        <test-method is-config="true" signature="tearDown()[pri:0, instance:TestCase.Login@202b0582]" started-at="2024-09-18T18:19:40 IST" name="tearDown" finished-at="2024-09-18T18:19:41 IST" duration-ms="810" status="PASS">
          <reporter-output>
          </reporter-output>
        </test-method> <!-- tearDown -->
        <test-method is-config="true" signature="setUp()[pri:0, instance:TestCase.Login@202b0582]" started-at="2024-09-18T18:19:41 IST" name="setUp" finished-at="2024-09-18T18:19:44 IST" duration-ms="3349" status="PASS">
          <reporter-output>
          </reporter-output>
        </test-method> <!-- setUp -->
        <test-method signature="testcase_002()[pri:0, instance:TestCase.Login@202b0582]" started-at="2024-09-18T18:19:44 IST" name="testcase_002" finished-at="2024-09-18T18:19:47 IST" duration-ms="2593" status="PASS">
          <reporter-output>
          </reporter-output>
        </test-method> <!-- testcase_002 -->
        <test-method is-config="true" signature="tearDown()[pri:0, instance:TestCase.Login@202b0582]" started-at="2024-09-18T18:19:47 IST" name="tearDown" finished-at="2024-09-18T18:19:47 IST" duration-ms="760" status="PASS">
          <reporter-output>
          </reporter-output>
        </test-method> <!-- tearDown -->
      </class> <!-- TestCase.Login -->
    </test> <!-- Default test -->
  </suite> <!-- Default suite -->
</testng-results>
